

*******************************************************************************
Sun May 19 18:04:41 2024


FIT:    data read from "Out.times.txt"
        format = z
        #datapoints = 24
        residuals are weighted equally (unit weight)

function used for fitting: f(x)
	f(x) = a*x**3+b
fitted parameters initialized with current variable values

iter      chisq       delta/lim  lambda   a             b            
   0 9.9878177043e+08   0.00e+00  4.56e+03    1.000000e-03   2.000000e-01
   8 3.3945831639e-03  -1.41e-08  4.56e-05    6.395630e-08   6.644498e-02

After 8 iterations the fit converged.
final sum of squares of residuals : 0.00339458
rel. change during last iteration : -1.41299e-13

degrees of freedom    (FIT_NDF)                        : 22
rms of residuals      (FIT_STDFIT) = sqrt(WSSR/ndf)    : 0.0124217
variance of residuals (reduced chisquare) = WSSR/ndf   : 0.000154299

Final set of parameters            Asymptotic Standard Error
=======================            ==========================
a               = 6.39563e-08      +/- 5.375e-10    (0.8405%)
b               = 0.066445         +/- 0.003468     (5.219%)

correlation matrix of the fit parameters:
                a      b      
a               1.000 
b              -0.682  1.000 
