

*******************************************************************************
Fri Mar  1 18:44:11 2024


FIT:    data read from "out.times.data"
        format = z
        #datapoints = 6
        residuals are weighted equally (unit weight)

function used for fitting: f(x)
	f(x)=A*x+B
fitted parameters initialized with current variable values

iter      chisq       delta/lim  lambda   A             B            
   0 1.4306478650e+05   0.00e+00  1.09e+02    1.000000e+00   1.000000e+00
   6 1.0419047619e-03  -5.70e-03  1.09e-04    3.614286e-03  -1.604762e-01

After 6 iterations the fit converged.
final sum of squares of residuals : 0.0010419
rel. change during last iteration : -5.7013e-08

degrees of freedom    (FIT_NDF)                        : 4
rms of residuals      (FIT_STDFIT) = sqrt(WSSR/ndf)    : 0.0161393
variance of residuals (reduced chisquare) = WSSR/ndf   : 0.000260476

Final set of parameters            Asymptotic Standard Error
=======================            ==========================
A               = 0.00361429       +/- 0.0001929    (5.337%)
B               = -0.160476        +/- 0.02968      (18.49%)

correlation matrix of the fit parameters:
                A      B      
A               1.000 
B              -0.975  1.000 
